info: Connected to database
info: Connected to database
info: Connected to database
info: Connected to database
info: Connected to database
info: app listening on port http://localhost:4000
info: Connected to database
info: app listening on port http://localhost:4000
info: Connected to database
info: app listening on port http://localhost:4000
info: Connected to database
info: app listening on port http://localhost:4000
info: Connected to database
info: app listening on port http://localhost:4000
info: Connected to database
info: app listening on port http://localhost:4000
info: Connected to database
info: app listening on port http://localhost:4000
info: Connected to database
info: app listening on port http://localhost:4000
error: Error connecting to database Invalid scheme, expected connection string to start with "mongodb://" or "mongodb+srv://" {"stack":"MongoParseError: Invalid scheme, expected connection string to start with \"mongodb://\" or \"mongodb+srv://\"\n    at new ConnectionString (D:\\GP\\Aqary-GP_Backend\\node_modules\\mongodb-connection-string-url\\lib\\index.js:86:19)\n    at parseOptions (D:\\GP\\Aqary-GP_Backend\\node_modules\\mongodb\\lib\\connection_string.js:191:17)\n    at new MongoClient (D:\\GP\\Aqary-GP_Backend\\node_modules\\mongodb\\lib\\mongo_client.js:48:63)\n    at _createMongoClient (D:\\GP\\Aqary-GP_Backend\\node_modules\\mongoose\\lib\\connection.js:887:14)\n    at NativeConnection.openUri (D:\\GP\\Aqary-GP_Backend\\node_modules\\mongoose\\lib\\connection.js:742:29)\n    at Mongoose.connect (D:\\GP\\Aqary-GP_Backend\\node_modules\\mongoose\\lib\\index.js:406:15)\n    at Object.<anonymous> (D:\\GP\\Aqary-GP_Backend\\config\\database.js:6:13)\n    at Module._compile (node:internal/modules/cjs/loader:1218:14)\n    at Module._extensions..js (node:internal/modules/cjs/loader:1272:10)\n    at Module.load (node:internal/modules/cjs/loader:1081:32)"}
info: app listening on port http://localhost:4000
info: Connected to database
info: app listening on port http://localhost:4000 {"timestamp":"2023-05-30T06:37:25.719Z"}
info: Connected to database {"timestamp":"2023-05-30T06:37:29.057Z"}
info: app listening on port http://localhost:4000 {"timestamp":"2023-05-30T06:37:32.262Z"}
info: Connected to database {"timestamp":"2023-05-30T06:37:34.202Z"}
info: app listening on port http://localhost:4000 {"timestamp":"2023-05-30T06:47:52.111Z"}
info: app listening on port http://localhost:4000 {"timestamp":"2023-05-30T06:48:03.464Z"}
error: Error connecting to database Could not connect to any servers in your MongoDB Atlas cluster. One common reason is that you're trying to access the database from an IP that isn't whitelisted. Make sure your current IP address is on your Atlas cluster's IP whitelist: https://www.mongodb.com/docs/atlas/security-whitelist/ {"reason":{"commonWireVersion":0,"compatible":true,"heartbeatFrequencyMS":10000,"localThresholdMS":15,"logicalSessionTimeoutMinutes":null,"maxElectionId":null,"maxSetVersion":null,"servers":{},"setName":"atlas-siwunl-shard-0","stale":false,"type":"ReplicaSetNoPrimary"},"stack":"MongooseServerSelectionError: Could not connect to any servers in your MongoDB Atlas cluster. One common reason is that you're trying to access the database from an IP that isn't whitelisted. Make sure your current IP address is on your Atlas cluster's IP whitelist: https://www.mongodb.com/docs/atlas/security-whitelist/\n    at _handleConnectionErrors (D:\\GP\\Aqary-GP_Backend\\node_modules\\mongoose\\lib\\connection.js:792:11)\n    at NativeConnection.openUri (D:\\GP\\Aqary-GP_Backend\\node_modules\\mongoose\\lib\\connection.js:767:11)\n    at process.processTicksAndRejections (node:internal/process/task_queues:95:5)","timestamp":"2023-05-30T06:48:33.615Z"}
info: app listening on port http://localhost:4000 {"timestamp":"2023-05-30T06:49:09.838Z"}
error: Error connecting to database Could not connect to any servers in your MongoDB Atlas cluster. One common reason is that you're trying to access the database from an IP that isn't whitelisted. Make sure your current IP address is on your Atlas cluster's IP whitelist: https://www.mongodb.com/docs/atlas/security-whitelist/ {"reason":{"commonWireVersion":0,"compatible":true,"heartbeatFrequencyMS":10000,"localThresholdMS":15,"logicalSessionTimeoutMinutes":null,"maxElectionId":null,"maxSetVersion":null,"servers":{},"setName":"atlas-siwunl-shard-0","stale":false,"type":"ReplicaSetNoPrimary"},"stack":"MongooseServerSelectionError: Could not connect to any servers in your MongoDB Atlas cluster. One common reason is that you're trying to access the database from an IP that isn't whitelisted. Make sure your current IP address is on your Atlas cluster's IP whitelist: https://www.mongodb.com/docs/atlas/security-whitelist/\n    at _handleConnectionErrors (D:\\GP\\Aqary-GP_Backend\\node_modules\\mongoose\\lib\\connection.js:792:11)\n    at NativeConnection.openUri (D:\\GP\\Aqary-GP_Backend\\node_modules\\mongoose\\lib\\connection.js:767:11)\n    at process.processTicksAndRejections (node:internal/process/task_queues:95:5)","timestamp":"2023-05-30T06:49:40.045Z"}
info: app listening on port http://localhost:4000 {"timestamp":"2023-05-30T06:50:10.994Z"}
info: app listening on port http://localhost:4000 {"timestamp":"2023-05-30T06:50:25.765Z"}
error: Error connecting to database Could not connect to any servers in your MongoDB Atlas cluster. One common reason is that you're trying to access the database from an IP that isn't whitelisted. Make sure your current IP address is on your Atlas cluster's IP whitelist: https://www.mongodb.com/docs/atlas/security-whitelist/ {"reason":{"commonWireVersion":0,"compatible":true,"heartbeatFrequencyMS":10000,"localThresholdMS":15,"logicalSessionTimeoutMinutes":null,"maxElectionId":null,"maxSetVersion":null,"servers":{},"setName":"atlas-siwunl-shard-0","stale":false,"type":"ReplicaSetNoPrimary"},"stack":"MongooseServerSelectionError: Could not connect to any servers in your MongoDB Atlas cluster. One common reason is that you're trying to access the database from an IP that isn't whitelisted. Make sure your current IP address is on your Atlas cluster's IP whitelist: https://www.mongodb.com/docs/atlas/security-whitelist/\n    at _handleConnectionErrors (D:\\GP\\Aqary-GP_Backend\\node_modules\\mongoose\\lib\\connection.js:792:11)\n    at NativeConnection.openUri (D:\\GP\\Aqary-GP_Backend\\node_modules\\mongoose\\lib\\connection.js:767:11)\n    at process.processTicksAndRejections (node:internal/process/task_queues:95:5)","timestamp":"2023-05-30T06:50:55.946Z"}
info: app listening on port http://localhost:4000 {"timestamp":"2023-05-30T07:59:21.867Z"}
info: Connected to database {"timestamp":"2023-05-30T07:59:23.790Z"}
info: app listening on port http://localhost:4000 {"timestamp":"2023-05-30T08:00:39.910Z"}
info: Connected to database {"timestamp":"2023-05-30T08:00:42.047Z"}
info: app listening on port http://localhost:4000 {"timestamp":"2023-05-30T08:00:51.272Z"}
info: Connected to database {"timestamp":"2023-05-30T08:00:53.188Z"}
info: app listening on port http://localhost:4000 {"timestamp":"2023-05-30T08:01:07.702Z"}
info: Connected to database {"timestamp":"2023-05-30T08:01:09.648Z"}
info: app listening on port http://localhost:4000 {"timestamp":"2023-05-30T08:01:21.439Z"}
info: Connected to database {"timestamp":"2023-05-30T08:01:23.368Z"}
info: app listening on port http://localhost:4000 {"timestamp":"2023-05-30T08:02:44.817Z"}
info: Connected to database {"timestamp":"2023-05-30T08:02:47.046Z"}
info: app listening on port http://localhost:4000 {"timestamp":"2023-05-30T08:04:28.222Z"}
info: Connected to database {"timestamp":"2023-05-30T08:04:30.306Z"}
info: app listening on port http://localhost:4000 {"timestamp":"2023-05-30T08:04:53.995Z"}
info: Connected to database {"timestamp":"2023-05-30T08:04:55.872Z"}
info: app listening on port http://localhost:4000 {"timestamp":"2023-05-30T08:05:22.943Z"}
info: Connected to database {"timestamp":"2023-05-30T08:05:24.879Z"}
info: app listening on port http://localhost:4000 {"timestamp":"2023-05-30T08:06:01.964Z"}
info: Connected to database {"timestamp":"2023-05-30T08:06:03.898Z"}
info: app listening on port http://localhost:4000 {"timestamp":"2023-05-30T08:06:08.234Z"}
info: Connected to database {"timestamp":"2023-05-30T08:06:10.127Z"}
info: app listening on port http://localhost:4000 {"timestamp":"2023-05-30T08:52:28.219Z"}
info: Connected to database {"timestamp":"2023-05-30T08:52:30.190Z"}
info: app listening on port http://localhost:4000 {"timestamp":"2023-05-30T08:52:37.714Z"}
info: Connected to database {"timestamp":"2023-05-30T08:52:39.552Z"}
info: app listening on port http://localhost:4000 {"timestamp":"2023-05-30T08:53:13.614Z"}
info: Connected to database {"timestamp":"2023-05-30T08:53:15.948Z"}
info: app listening on port http://localhost:4000 {"timestamp":"2023-05-30T08:54:03.204Z"}
info: Connected to database {"timestamp":"2023-05-30T08:54:05.679Z"}
info: app listening on port http://localhost:4000 {"timestamp":"2023-05-30T08:54:09.035Z"}
info: Connected to database {"timestamp":"2023-05-30T08:54:10.929Z"}
info: app listening on port http://localhost:4000 {"timestamp":"2023-05-30T08:54:42.303Z"}
info: app listening on port http://localhost:4000 {"timestamp":"2023-05-30T08:54:47.623Z"}
info: Connected to database {"timestamp":"2023-05-30T08:54:49.549Z"}
info: app listening on port http://localhost:4000 {"timestamp":"2023-05-30T08:59:29.576Z"}
info: Connected to database {"timestamp":"2023-05-30T08:59:31.580Z"}
info: app listening on port http://localhost:4000 {"timestamp":"2023-05-30T09:00:05.071Z"}
info: Connected to database {"timestamp":"2023-05-30T09:00:06.971Z"}
info: app listening on port http://localhost:4000 {"timestamp":"2023-05-30T09:00:18.000Z"}
info: Connected to database {"timestamp":"2023-05-30T09:00:19.837Z"}
info: app listening on port http://localhost:4000 {"timestamp":"2023-05-30T09:02:39.637Z"}
info: app listening on port http://localhost:4000 {"timestamp":"2023-05-30T09:02:42.597Z"}
info: Connected to database {"timestamp":"2023-05-30T09:02:44.674Z"}
